d:\coding\gno\rpg\sfmltemplate-master\x64\debug\vc142.pdb
d:\coding\gno\rpg\sfmltemplate-master\x64\debug\vc142.idb
d:\coding\gno\rpg\sfmltemplate-master\x64\debug\scoreboard.obj
d:\coding\gno\rpg\sfmltemplate-master\x64\debug\player.obj
d:\coding\gno\rpg\sfmltemplate-master\x64\debug\namescore.obj
d:\coding\gno\rpg\sfmltemplate-master\x64\debug\menu.obj
d:\coding\gno\rpg\sfmltemplate-master\x64\debug\main.obj
d:\coding\gno\rpg\sfmltemplate-master\x64\debug\game.obj
d:\coding\gno\rpg\sfmltemplate-master\x64\debug\enemies.obj
d:\coding\gno\rpg\sfmltemplate-master\x64\debug\background.obj
d:\coding\gno\rpg\sfmltemplate-master\x64\debug\arrow.obj
d:\coding\gno\rpg\sfmltemplate-master\x64\debug\item.obj
d:\coding\gno\rpg\sfmltemplate-master\x64\debug\rpg.exe
d:\coding\gno\rpg\sfmltemplate-master\x64\debug\rpg.ilk
d:\coding\gno\rpg\sfmltemplate-master\x64\debug\rpg.pdb
d:\coding\gno\rpg\sfmltemplate-master\x64\debug\enemies.obj.enc
d:\coding\gno\rpg\sfmltemplate-master\x64\debug\game.obj.enc
d:\coding\gno\rpg\sfmltemplate-master\x64\debug\main.obj.enc
d:\coding\gno\rpg\sfmltemplate-master\x64\debug\rpg.tlog\cl.command.1.tlog
d:\coding\gno\rpg\sfmltemplate-master\x64\debug\rpg.tlog\cl.read.1.tlog
d:\coding\gno\rpg\sfmltemplate-master\x64\debug\rpg.tlog\cl.write.1.tlog
d:\coding\gno\rpg\sfmltemplate-master\x64\debug\rpg.tlog\link.command.1.tlog
d:\coding\gno\rpg\sfmltemplate-master\x64\debug\rpg.tlog\link.read.1.tlog
d:\coding\gno\rpg\sfmltemplate-master\x64\debug\rpg.tlog\link.write.1.tlog
